<?xml version='1.0' encoding='UTF-8'?>
<testsuite hostname="christian-pc" name="streams.BloxorzSuite" tests="6" errors="0" failures="0" skipped="0" time="0.069" timestamp="2020-07-03T15:27:55">
                     <properties>
      <property name="awt.toolkit" value="sun.awt.X11.XToolkit"/><property name="java.specification.version" value="11"/><property name="sun.cpu.isalist" value=""/><property name="sun.jnu.encoding" value="UTF-8"/><property name="sun.arch.data.model" value="64"/><property name="sbt.supershell" value="false"/><property name="java.vendor.url" value="https://www.jetbrains.com/"/><property name="sun.boot.library.path" value="/home/chr1st14n_ru4/Documents/pdf books/Scala/idea-IC-193.6911.18/jbr/lib"/><property name="sun.java.command" value="/home/chr1st14n_ru4/.local/share/JetBrains/IdeaIC2020.1/Scala/launcher/sbt-launch.jar early(addPluginSbtFile=&quot;&quot;&quot;/tmp/idea2.sbt&quot;&quot;&quot;) ; set ideaPort in Global := 44661 ; idea-shell"/><property name="jdk.debug" value="release"/><property name="java.specification.vendor" value="Oracle Corporation"/><property name="java.version.date" value="2020-01-14"/><property name="java.home" value="/home/chr1st14n_ru4/Documents/pdf books/Scala/idea-IC-193.6911.18/jbr"/><property name="file.separator" value="/"/><property name="java.vm.compressedOopsMode" value="32-bit"/><property name="line.separator" value="
"/><property name="java.specification.name" value="Java Platform API Specification"/><property name="java.vm.specification.vendor" value="Oracle Corporation"/><property name="sun.management.compiler" value="HotSpot 64-Bit Tiered Compilers"/><property name="java.runtime.version" value="11.0.6+8-b765.25"/><property name="user.name" value="chr1st14n_ru4"/><property name="file.encoding" value="UTF-8"/><property name="jnidispatch.path" value="/tmp/jna--1735688040/jna10522063980411577734.tmp"/><property name="jna.loaded" value="true"/><property name="java.io.tmpdir" value="/tmp"/><property name="java.version" value="11.0.6"/><property name="java.vm.specification.name" value="Java Virtual Machine Specification"/><property name="java.awt.printerjob" value="sun.print.PSPrinterJob"/><property name="sun.os.patch.level" value="unknown"/><property name="java.library.path" value="/usr/java/packages/lib:/usr/lib64:/lib64:/lib:/usr/lib"/><property name="java.vendor" value="JetBrains s.r.o"/><property name="sun.io.unicode.encoding" value="UnicodeLittle"/><property name="java.class.path" value="/home/chr1st14n_ru4/.local/share/JetBrains/IdeaIC2020.1/Scala/launcher/sbt-launch.jar"/><property name="java.vm.vendor" value="JetBrains s.r.o"/><property name="jline.shutdownhook" value="false"/><property name="user.timezone" value="America/Bogota"/><property name="os.name" value="Linux"/><property name="java.vm.specification.version" value="11"/><property name="sun.java.launcher" value="SUN_STANDARD"/><property name="user.country" value="US"/><property name="sun.cpu.endian" value="little"/><property name="user.home" value="/home/chr1st14n_ru4"/><property name="user.language" value="en"/><property name="java.awt.graphicsenv" value="sun.awt.X11GraphicsEnvironment"/><property name="jline.esc.timeout" value="0"/><property name="path.separator" value=":"/><property name="os.version" value="5.6.0-2-amd64"/><property name="jna.nosys" value="true"/><property name="java.runtime.name" value="OpenJDK Runtime Environment"/><property name="java.vm.name" value="OpenJDK 64-Bit Server VM"/><property name="jna.platform.library.path" value="/usr/lib/x86_64-linux-gnu:/lib/x86_64-linux-gnu:/usr/lib64:/lib64:/usr/lib:/lib:/usr/lib/x86_64-linux-gnu/libfakeroot"/><property name="java.vendor.url.bug" value="https://youtrack.jetbrains.com"/><property name="user.dir" value="/home/chr1st14n_ru4/development/scalaEPFL/Functional_Program_Design_in_Scala/streams"/><property name="os.arch" value="amd64"/><property name="idea.managed" value="true"/><property name="java.vm.info" value="mixed mode"/><property name="java.vm.version" value="11.0.6+8-b765.25"/><property name="java.class.version" value="55.0"/>
    </properties>
                     <testcase classname="streams.BloxorzSuite" name="find char level 1 (10pts)" time="0.014">
                                                 
                                               </testcase><testcase classname="streams.BloxorzSuite" name="terrain function level 1 (10pts)" time="0.008">
                                                 
                                               </testcase><testcase classname="streams.BloxorzSuite" name="neighborsWithHistory level 1" time="0.004">
                                                 
                                               </testcase><testcase classname="streams.BloxorzSuite" name="newNeighborsOnly" time="0.003">
                                                 
                                               </testcase><testcase classname="streams.BloxorzSuite" name="optimal solution length for level 1 (5pts)" time="0.027">
                                                 
                                               </testcase><testcase classname="streams.BloxorzSuite" name="optimal solution for level 1 (5pts)" time="0.013">
                                                 
                                               </testcase>
                     <system-out><![CDATA[]]></system-out>
                     <system-err><![CDATA[]]></system-err>
                   </testsuite>